v ATLAS
# This file was created by ATLAS version 5.26.1.R on Tue Dec 09 06:38:56 2025.
#SSF 2.0 generic
##############################################################################
#                    Copyright (c) 1984 - 2018                               #
#                    Silvaco Inc. All rights reserved                        #
#                                                                            #
# This file format and the following Key are copyright Silvaco Inc.          #
# You may not use, this format or key without reproducing this message in    #
# full and obtaining express written permission from Silvaco Inc.            #
#                                                                            #
# To obtain such permission please contact: Silvaco Inc.                     #
#                                           support@silvaco.com              #
#                                                                            #
# KEY=SVC86hn7562asdx                       PROD=345                         #
##############################################################################
y 3 700 711 15
z 1.26 0.0168736 300
f 4 "source" "drain" "gate" "Body" 
p 12 2 601 20 3 602 21 4 603 22 5 604 23 
d 0.000000000e+000 0.000000000e+000 -6.902259636e-014 1.000000000e-001 1.000000000e-001 6.924552676e-014 -1.000000000e-001 -1.000000000e-001 0.000000000e+000 0.000000000e+000 0.000000000e+000 -5.962890667e-016 
d 0.000000000e+000 0.000000000e+000 -8.509140865e-013 1.000000000e-001 1.000000000e-001 8.516603946e-013 0.000000000e+000 0.000000000e+000 0.000000000e+000 0.000000000e+000 0.000000000e+000 -5.988489024e-016 
d 0.000000000e+000 0.000000000e+000 -1.118615269e-011 1.000000000e-001 1.000000000e-001 1.118656404e-011 1.000000000e-001 1.000000000e-001 0.000000000e+000 0.000000000e+000 0.000000000e+000 -5.992212224e-016 
d 0.000000000e+000 0.000000000e+000 -1.548466700e-010 1.000000000e-001 1.000000000e-001 1.548472492e-010 2.000000000e-001 2.000000000e-001 0.000000000e+000 0.000000000e+000 0.000000000e+000 -5.993952091e-016 
d 0.000000000e+000 0.000000000e+000 -2.218310595e-009 1.000000000e-001 1.000000000e-001 2.218311590e-009 3.000000000e-001 3.000000000e-001 0.000000000e+000 0.000000000e+000 0.000000000e+000 -5.996443278e-016 
d 0.000000000e+000 0.000000000e+000 -2.940001331e-008 1.000000000e-001 1.000000000e-001 2.940001417e-008 4.000000000e-001 4.000000000e-001 0.000000000e+000 0.000000000e+000 0.000000000e+000 -6.007468480e-016 
d 0.000000000e+000 0.000000000e+000 -2.293161711e-007 1.000000000e-001 1.000000000e-001 2.293161720e-007 5.000000000e-001 5.000000000e-001 0.000000000e+000 0.000000000e+000 0.000000000e+000 -6.047347831e-016 
d 0.000000000e+000 0.000000000e+000 -8.166159069e-007 1.000000000e-001 1.000000000e-001 8.166159078e-007 6.000000000e-001 6.000000000e-001 0.000000000e+000 0.000000000e+000 0.000000000e+000 -6.097473365e-016 
d 0.000000000e+000 0.000000000e+000 -1.718701267e-006 1.000000000e-001 1.000000000e-001 1.718701267e-006 7.000000000e-001 7.000000000e-001 0.000000000e+000 0.000000000e+000 0.000000000e+000 -6.128544889e-016 
d 0.000000000e+000 0.000000000e+000 -2.754622407e-006 1.000000000e-001 1.000000000e-001 2.754622407e-006 8.000000000e-001 8.000000000e-001 0.000000000e+000 0.000000000e+000 0.000000000e+000 -6.144542837e-016 
d 0.000000000e+000 0.000000000e+000 -3.841169209e-006 1.000000000e-001 1.000000000e-001 3.841169210e-006 9.000000000e-001 9.000000000e-001 0.000000000e+000 0.000000000e+000 0.000000000e+000 -6.153528243e-016 
d 0.000000000e+000 0.000000000e+000 -4.945299353e-006 1.000000000e-001 1.000000000e-001 4.945299354e-006 1.000000000e+000 1.000000000e+000 0.000000000e+000 0.000000000e+000 0.000000000e+000 -6.159281102e-016 
