v ATLAS
# This file was created by ATLAS version 5.26.1.R on Tue Dec 09 05:50:04 2025.
#SSF 2.0 generic
##############################################################################
#                    Copyright (c) 1984 - 2018                               #
#                    Silvaco Inc. All rights reserved                        #
#                                                                            #
# This file format and the following Key are copyright Silvaco Inc.          #
# You may not use, this format or key without reproducing this message in    #
# full and obtaining express written permission from Silvaco Inc.            #
#                                                                            #
# To obtain such permission please contact: Silvaco Inc.                     #
#                                           support@silvaco.com              #
#                                                                            #
# KEY=SVC86hn7562asdx                       PROD=345                         #
##############################################################################
y 3 700 711 15
z 1.26 0.0168736 300
f 4 "source" "drain" "gate" "Body" 
p 12 2 601 20 3 602 21 4 603 22 5 604 23 
d 0.000000000e+000 0.000000000e+000 -5.347283058e-017 0.000000000e+000 0.000000000e+000 -2.671520474e-017 1.500000000e+000 1.500000000e+000 0.000000000e+000 0.000000000e+000 0.000000000e+000 -6.934304943e-021 
d 0.000000000e+000 0.000000000e+000 -6.814967516e-006 5.000000000e-002 5.000000000e-002 6.814967268e-006 1.500000000e+000 1.500000000e+000 0.000000000e+000 0.000000000e+000 0.000000000e+000 -4.003760078e-016 
d 0.000000000e+000 0.000000000e+000 -1.328897072e-005 1.000000000e-001 1.000000000e-001 1.328897072e-005 1.500000000e+000 1.500000000e+000 0.000000000e+000 0.000000000e+000 0.000000000e+000 -6.576607943e-016 
d 0.000000000e+000 0.000000000e+000 -2.517803029e-005 2.000000000e-001 2.000000000e-001 2.517803030e-005 1.500000000e+000 1.500000000e+000 0.000000000e+000 0.000000000e+000 0.000000000e+000 -1.085893924e-015 
d 0.000000000e+000 0.000000000e+000 -3.561093756e-005 3.000000000e-001 3.000000000e-001 3.561093756e-005 1.500000000e+000 1.500000000e+000 0.000000000e+000 0.000000000e+000 0.000000000e+000 -1.476101576e-015 
d 0.000000000e+000 0.000000000e+000 -4.455816404e-005 4.000000000e-001 4.000000000e-001 4.455816404e-005 1.500000000e+000 1.500000000e+000 0.000000000e+000 0.000000000e+000 0.000000000e+000 -1.808292954e-015 
d 0.000000000e+000 0.000000000e+000 -5.201945200e-005 5.000000000e-001 5.000000000e-001 5.201945200e-005 1.500000000e+000 1.500000000e+000 0.000000000e+000 0.000000000e+000 0.000000000e+000 -2.140791647e-015 
d 0.000000000e+000 0.000000000e+000 -5.802959469e-005 6.000000000e-001 6.000000000e-001 5.802959469e-005 1.500000000e+000 1.500000000e+000 0.000000000e+000 0.000000000e+000 0.000000000e+000 -2.434108376e-015 
d 0.000000000e+000 0.000000000e+000 -6.266719821e-005 7.000000000e-001 7.000000000e-001 6.266719822e-005 1.500000000e+000 1.500000000e+000 0.000000000e+000 0.000000000e+000 0.000000000e+000 -2.738129317e-015 
d 0.000000000e+000 0.000000000e+000 -6.607031339e-005 8.000000000e-001 8.000000000e-001 6.607031339e-005 1.500000000e+000 1.500000000e+000 0.000000000e+000 0.000000000e+000 0.000000000e+000 -3.030122851e-015 
d 0.000000000e+000 0.000000000e+000 -6.845092701e-005 9.000000000e-001 9.000000000e-001 6.845092701e-005 1.500000000e+000 1.500000000e+000 0.000000000e+000 0.000000000e+000 0.000000000e+000 -3.255136466e-015 
d 0.000000000e+000 0.000000000e+000 -7.008685429e-005 1.000000000e+000 1.000000000e+000 7.008685429e-005 1.500000000e+000 1.500000000e+000 0.000000000e+000 0.000000000e+000 0.000000000e+000 -3.480828952e-015 
d 0.000000000e+000 0.000000000e+000 -7.126537627e-005 1.100000000e+000 1.100000000e+000 7.126537627e-005 1.500000000e+000 1.500000000e+000 0.000000000e+000 0.000000000e+000 0.000000000e+000 -3.720993671e-015 
d 0.000000000e+000 0.000000000e+000 -7.219376695e-005 1.200000000e+000 1.200000000e+000 7.219376696e-005 1.500000000e+000 1.500000000e+000 0.000000000e+000 0.000000000e+000 0.000000000e+000 -3.914295962e-015 
d 0.000000000e+000 0.000000000e+000 -7.298415362e-005 1.300000000e+000 1.300000000e+000 7.298415362e-005 1.500000000e+000 1.500000000e+000 0.000000000e+000 0.000000000e+000 0.000000000e+000 -4.061283331e-015 
d 0.000000000e+000 0.000000000e+000 -7.369338731e-005 1.400000000e+000 1.400000000e+000 7.369338732e-005 1.500000000e+000 1.500000000e+000 0.000000000e+000 0.000000000e+000 0.000000000e+000 -4.199090042e-015 
d 0.000000000e+000 0.000000000e+000 -7.435121716e-005 1.500000000e+000 1.500000000e+000 7.435121716e-005 1.500000000e+000 1.500000000e+000 0.000000000e+000 0.000000000e+000 0.000000000e+000 -4.354742440e-015 
d 0.000000000e+000 0.000000000e+000 -7.497070410e-005 1.600000000e+000 1.600000000e+000 7.497070410e-005 1.500000000e+000 1.500000000e+000 0.000000000e+000 0.000000000e+000 0.000000000e+000 -4.533816722e-015 
d 0.000000000e+000 0.000000000e+000 -7.556535881e-005 1.700000000e+000 1.700000000e+000 7.556535881e-005 1.500000000e+000 1.500000000e+000 0.000000000e+000 0.000000000e+000 0.000000000e+000 -4.726025034e-015 
d 0.000000000e+000 0.000000000e+000 -7.613977001e-005 1.800000000e+000 1.800000000e+000 7.613977002e-005 1.500000000e+000 1.500000000e+000 0.000000000e+000 0.000000000e+000 0.000000000e+000 -4.867127780e-015 
d 0.000000000e+000 0.000000000e+000 -7.669716665e-005 1.900000000e+000 1.900000000e+000 7.669716665e-005 1.500000000e+000 1.500000000e+000 0.000000000e+000 0.000000000e+000 0.000000000e+000 -4.975667684e-015 
d 0.000000000e+000 0.000000000e+000 -7.723979156e-005 2.000000000e+000 2.000000000e+000 7.723979157e-005 1.500000000e+000 1.500000000e+000 0.000000000e+000 0.000000000e+000 0.000000000e+000 -5.057887631e-015 
d 0.000000000e+000 0.000000000e+000 -7.776925806e-005 2.100000000e+000 2.100000000e+000 7.776925806e-005 1.500000000e+000 1.500000000e+000 0.000000000e+000 0.000000000e+000 0.000000000e+000 -5.122970242e-015 
d 0.000000000e+000 0.000000000e+000 -7.828676436e-005 2.200000000e+000 2.200000000e+000 7.828676437e-005 1.500000000e+000 1.500000000e+000 0.000000000e+000 0.000000000e+000 0.000000000e+000 -5.180082808e-015 
d 0.000000000e+000 0.000000000e+000 -7.879322328e-005 2.300000000e+000 2.300000000e+000 7.879322329e-005 1.500000000e+000 1.500000000e+000 0.000000000e+000 0.000000000e+000 0.000000000e+000 -5.235944014e-015 
d 0.000000000e+000 0.000000000e+000 -7.928934307e-005 2.400000000e+000 2.400000000e+000 7.928934308e-005 1.500000000e+000 1.500000000e+000 0.000000000e+000 0.000000000e+000 0.000000000e+000 -5.293293901e-015 
d 0.000000000e+000 0.000000000e+000 -7.977568060e-005 2.500000000e+000 2.500000000e+000 7.977568061e-005 1.500000000e+000 1.500000000e+000 0.000000000e+000 0.000000000e+000 0.000000000e+000 -5.352723765e-015 
d 0.000000000e+000 0.000000000e+000 -8.025267994e-005 2.600000000e+000 2.600000000e+000 8.025267994e-005 1.500000000e+000 1.500000000e+000 0.000000000e+000 0.000000000e+000 0.000000000e+000 -5.415895177e-015 
d 0.000000000e+000 0.000000000e+000 -8.072070505e-005 2.700000000e+000 2.700000000e+000 8.072070506e-005 1.500000000e+000 1.500000000e+000 0.000000000e+000 0.000000000e+000 0.000000000e+000 -5.486037839e-015 
d 0.000000000e+000 0.000000000e+000 -8.118007266e-005 2.800000000e+000 2.800000000e+000 8.118007267e-005 1.500000000e+000 1.500000000e+000 0.000000000e+000 0.000000000e+000 0.000000000e+000 -5.565561926e-015 
d 0.000000000e+000 0.000000000e+000 -8.163108787e-005 2.900000000e+000 2.900000000e+000 8.163108787e-005 1.500000000e+000 1.500000000e+000 0.000000000e+000 0.000000000e+000 0.000000000e+000 -5.654017663e-015 
d 0.000000000e+000 0.000000000e+000 -8.207408040e-005 3.000000000e+000 3.000000000e+000 8.207408041e-005 1.500000000e+000 1.500000000e+000 0.000000000e+000 0.000000000e+000 0.000000000e+000 -5.747890473e-015 
