v ATLAS
# This file was created by ATLAS version 5.26.1.R on Mon Dec 08 22:27:29 2025.
#SSF 2.0 generic
##############################################################################
#                    Copyright (c) 1984 - 2018                               #
#                    Silvaco Inc. All rights reserved                        #
#                                                                            #
# This file format and the following Key are copyright Silvaco Inc.          #
# You may not use, this format or key without reproducing this message in    #
# full and obtaining express written permission from Silvaco Inc.            #
#                                                                            #
# To obtain such permission please contact: Silvaco Inc.                     #
#                                           support@silvaco.com              #
#                                                                            #
# KEY=SVC86hn7562asdx                       PROD=345                         #
##############################################################################
y 3 700 711 15
z 1.0917 0.0168954 300
f 4 "source" "drain" "gate" "Body" 
p 12 2 601 20 3 602 21 4 603 22 5 604 23 
d 0.000000000e+000 0.000000000e+000 1.871304094e-016 0.000000000e+000 0.000000000e+000 3.074467153e-016 3.000000000e+000 3.000000000e+000 0.000000000e+000 0.000000000e+000 0.000000000e+000 -6.424432068e-021 
d 0.000000000e+000 0.000000000e+000 -1.540012285e-005 5.000000000e-002 5.000000000e-002 1.540012261e-005 3.000000000e+000 3.000000000e+000 0.000000000e+000 0.000000000e+000 0.000000000e+000 -4.256482195e-016 
d 0.000000000e+000 0.000000000e+000 -3.047963371e-005 1.000000000e-001 1.000000000e-001 3.047963371e-005 3.000000000e+000 3.000000000e+000 0.000000000e+000 0.000000000e+000 0.000000000e+000 -6.929396060e-016 
d 0.000000000e+000 0.000000000e+000 -5.957047261e-005 2.000000000e-001 2.000000000e-001 5.957047261e-005 3.000000000e+000 3.000000000e+000 0.000000000e+000 0.000000000e+000 0.000000000e+000 -1.120532723e-015 
d 0.000000000e+000 0.000000000e+000 -8.707334650e-005 3.000000000e-001 3.000000000e-001 8.707334650e-005 3.000000000e+000 3.000000000e+000 0.000000000e+000 0.000000000e+000 0.000000000e+000 -1.514137951e-015 
d 0.000000000e+000 0.000000000e+000 -1.128148763e-004 4.000000000e-001 4.000000000e-001 1.128148763e-004 3.000000000e+000 3.000000000e+000 0.000000000e+000 0.000000000e+000 0.000000000e+000 -1.857624940e-015 
d 0.000000000e+000 0.000000000e+000 -1.366552761e-004 5.000000000e-001 5.000000000e-001 1.366552761e-004 3.000000000e+000 3.000000000e+000 0.000000000e+000 0.000000000e+000 0.000000000e+000 -2.212038227e-015 
d 0.000000000e+000 0.000000000e+000 -1.584920458e-004 6.000000000e-001 6.000000000e-001 1.584920458e-004 3.000000000e+000 3.000000000e+000 0.000000000e+000 0.000000000e+000 0.000000000e+000 -2.522757172e-015 
d 0.000000000e+000 0.000000000e+000 -1.782616840e-004 7.000000000e-001 7.000000000e-001 1.782616840e-004 3.000000000e+000 3.000000000e+000 0.000000000e+000 0.000000000e+000 0.000000000e+000 -2.834665858e-015 
d 0.000000000e+000 0.000000000e+000 -1.959396198e-004 8.000000000e-001 8.000000000e-001 1.959396198e-004 3.000000000e+000 3.000000000e+000 0.000000000e+000 0.000000000e+000 0.000000000e+000 -3.142182260e-015 
d 0.000000000e+000 0.000000000e+000 -2.115383211e-004 9.000000000e-001 9.000000000e-001 2.115383211e-004 3.000000000e+000 3.000000000e+000 0.000000000e+000 0.000000000e+000 0.000000000e+000 -3.390934725e-015 
d 0.000000000e+000 0.000000000e+000 -2.251044798e-004 1.000000000e+000 1.000000000e+000 2.251044798e-004 3.000000000e+000 3.000000000e+000 0.000000000e+000 0.000000000e+000 0.000000000e+000 -3.647483316e-015 
d 0.000000000e+000 0.000000000e+000 -2.367163775e-004 1.100000000e+000 1.100000000e+000 2.367163775e-004 3.000000000e+000 3.000000000e+000 0.000000000e+000 0.000000000e+000 0.000000000e+000 -3.914276635e-015 
d 0.000000000e+000 0.000000000e+000 -2.464823107e-004 1.200000000e+000 1.200000000e+000 2.464823107e-004 3.000000000e+000 3.000000000e+000 0.000000000e+000 0.000000000e+000 0.000000000e+000 -4.128484373e-015 
d 0.000000000e+000 0.000000000e+000 -2.545409832e-004 1.300000000e+000 1.300000000e+000 2.545409832e-004 3.000000000e+000 3.000000000e+000 0.000000000e+000 0.000000000e+000 0.000000000e+000 -4.292975353e-015 
d 0.000000000e+000 0.000000000e+000 -2.610637072e-004 1.400000000e+000 1.400000000e+000 2.610637072e-004 3.000000000e+000 3.000000000e+000 0.000000000e+000 0.000000000e+000 0.000000000e+000 -4.446697134e-015 
d 0.000000000e+000 0.000000000e+000 -2.662555328e-004 1.500000000e+000 1.500000000e+000 2.662555328e-004 3.000000000e+000 3.000000000e+000 0.000000000e+000 0.000000000e+000 0.000000000e+000 -4.620978777e-015 
d 0.000000000e+000 0.000000000e+000 -2.703486296e-004 1.600000000e+000 1.600000000e+000 2.703486296e-004 3.000000000e+000 3.000000000e+000 0.000000000e+000 0.000000000e+000 0.000000000e+000 -4.822859926e-015 
d 0.000000000e+000 0.000000000e+000 -2.735821246e-004 1.700000000e+000 1.700000000e+000 2.735821246e-004 3.000000000e+000 3.000000000e+000 0.000000000e+000 0.000000000e+000 0.000000000e+000 -5.043656736e-015 
d 0.000000000e+000 0.000000000e+000 -2.761741774e-004 1.800000000e+000 1.800000000e+000 2.761741774e-004 3.000000000e+000 3.000000000e+000 0.000000000e+000 0.000000000e+000 0.000000000e+000 -5.189998619e-015 
d 0.000000000e+000 0.000000000e+000 -2.783020719e-004 1.900000000e+000 1.900000000e+000 2.783020719e-004 3.000000000e+000 3.000000000e+000 0.000000000e+000 0.000000000e+000 0.000000000e+000 -5.299330204e-015 
d 0.000000000e+000 0.000000000e+000 -2.800992978e-004 2.000000000e+000 2.000000000e+000 2.800992978e-004 3.000000000e+000 3.000000000e+000 0.000000000e+000 0.000000000e+000 0.000000000e+000 -5.392428135e-015 
d 0.000000000e+000 0.000000000e+000 -2.816633206e-004 2.100000000e+000 2.100000000e+000 2.816633206e-004 3.000000000e+000 3.000000000e+000 0.000000000e+000 0.000000000e+000 0.000000000e+000 -5.469552071e-015 
d 0.000000000e+000 0.000000000e+000 -2.830643126e-004 2.200000000e+000 2.200000000e+000 2.830643126e-004 3.000000000e+000 3.000000000e+000 0.000000000e+000 0.000000000e+000 0.000000000e+000 -5.533362916e-015 
d 0.000000000e+000 0.000000000e+000 -2.843515386e-004 2.300000000e+000 2.300000000e+000 2.843515386e-004 3.000000000e+000 3.000000000e+000 0.000000000e+000 0.000000000e+000 0.000000000e+000 -5.593995263e-015 
d 0.000000000e+000 0.000000000e+000 -2.855583908e-004 2.400000000e+000 2.400000000e+000 2.855583908e-004 3.000000000e+000 3.000000000e+000 0.000000000e+000 0.000000000e+000 0.000000000e+000 -5.653514008e-015 
d 0.000000000e+000 0.000000000e+000 -2.867068587e-004 2.500000000e+000 2.500000000e+000 2.867068587e-004 3.000000000e+000 3.000000000e+000 0.000000000e+000 0.000000000e+000 0.000000000e+000 -5.714817404e-015 
d 0.000000000e+000 0.000000000e+000 -2.878112890e-004 2.600000000e+000 2.600000000e+000 2.878112890e-004 3.000000000e+000 3.000000000e+000 0.000000000e+000 0.000000000e+000 0.000000000e+000 -5.782624436e-015 
d 0.000000000e+000 0.000000000e+000 -2.888810664e-004 2.700000000e+000 2.700000000e+000 2.888810664e-004 3.000000000e+000 3.000000000e+000 0.000000000e+000 0.000000000e+000 0.000000000e+000 -5.860403100e-015 
d 0.000000000e+000 0.000000000e+000 -2.899224409e-004 2.800000000e+000 2.800000000e+000 2.899224409e-004 3.000000000e+000 3.000000000e+000 0.000000000e+000 0.000000000e+000 0.000000000e+000 -5.949021481e-015 
d 0.000000000e+000 0.000000000e+000 -2.909396832e-004 2.900000000e+000 2.900000000e+000 2.909396832e-004 3.000000000e+000 3.000000000e+000 0.000000000e+000 0.000000000e+000 0.000000000e+000 -6.046732899e-015 
d 0.000000000e+000 0.000000000e+000 -2.919358448e-004 3.000000000e+000 3.000000000e+000 2.919358448e-004 3.000000000e+000 3.000000000e+000 0.000000000e+000 0.000000000e+000 0.000000000e+000 -6.149333914e-015 
