v ATLAS
# This file was created by ATLAS version 5.26.1.R on Mon Dec 08 23:16:41 2025.
#SSF 2.0 generic
##############################################################################
#                    Copyright (c) 1984 - 2018                               #
#                    Silvaco Inc. All rights reserved                        #
#                                                                            #
# This file format and the following Key are copyright Silvaco Inc.          #
# You may not use, this format or key without reproducing this message in    #
# full and obtaining express written permission from Silvaco Inc.            #
#                                                                            #
# To obtain such permission please contact: Silvaco Inc.                     #
#                                           support@silvaco.com              #
#                                                                            #
# KEY=SVC86hn7562asdx                       PROD=345                         #
##############################################################################
y 3 700 711 15
z 1.26 0.0168736 300
f 4 "source" "drain" "gate" "Body" 
p 12 2 601 20 3 602 21 4 603 22 5 604 23 
d 0.000000000e+000 0.000000000e+000 -6.683369412e-017 0.000000000e+000 0.000000000e+000 3.742901952e-016 2.500000000e+000 2.500000000e+000 0.000000000e+000 0.000000000e+000 0.000000000e+000 8.261474042e-021 
d 0.000000000e+000 0.000000000e+000 -1.147847639e-005 5.000000000e-002 5.000000000e-002 1.147847615e-005 2.500000000e+000 2.500000000e+000 0.000000000e+000 0.000000000e+000 0.000000000e+000 -4.008708335e-016 
d 0.000000000e+000 0.000000000e+000 -2.265691599e-005 1.000000000e-001 1.000000000e-001 2.265691599e-005 2.500000000e+000 2.500000000e+000 0.000000000e+000 0.000000000e+000 0.000000000e+000 -6.588236969e-016 
d 0.000000000e+000 0.000000000e+000 -4.405031832e-005 2.000000000e-001 2.000000000e-001 4.405031832e-005 2.500000000e+000 2.500000000e+000 0.000000000e+000 0.000000000e+000 0.000000000e+000 -1.088397412e-015 
d 0.000000000e+000 0.000000000e+000 -6.406343004e-005 3.000000000e-001 3.000000000e-001 6.406343004e-005 2.500000000e+000 2.500000000e+000 0.000000000e+000 0.000000000e+000 0.000000000e+000 -1.480317772e-015 
d 0.000000000e+000 0.000000000e+000 -8.259699118e-005 4.000000000e-001 4.000000000e-001 8.259699119e-005 2.500000000e+000 2.500000000e+000 0.000000000e+000 0.000000000e+000 0.000000000e+000 -1.815272357e-015 
d 0.000000000e+000 0.000000000e+000 -9.957186019e-005 5.000000000e-001 5.000000000e-001 9.957186019e-005 2.500000000e+000 2.500000000e+000 0.000000000e+000 0.000000000e+000 0.000000000e+000 -2.152271855e-015 
d 0.000000000e+000 0.000000000e+000 -1.149320897e-004 6.000000000e-001 6.000000000e-001 1.149320897e-004 2.500000000e+000 2.500000000e+000 0.000000000e+000 0.000000000e+000 0.000000000e+000 -2.453044195e-015 
d 0.000000000e+000 0.000000000e+000 -1.286457716e-004 7.000000000e-001 7.000000000e-001 1.286457716e-004 2.500000000e+000 2.500000000e+000 0.000000000e+000 0.000000000e+000 0.000000000e+000 -2.764636645e-015 
d 0.000000000e+000 0.000000000e+000 -1.407060094e-004 8.000000000e-001 8.000000000e-001 1.407060094e-004 2.500000000e+000 2.500000000e+000 0.000000000e+000 0.000000000e+000 0.000000000e+000 -3.065848409e-015 
d 0.000000000e+000 0.000000000e+000 -1.511315332e-004 9.000000000e-001 9.000000000e-001 1.511315332e-004 2.500000000e+000 2.500000000e+000 0.000000000e+000 0.000000000e+000 0.000000000e+000 -3.305316883e-015 
d 0.000000000e+000 0.000000000e+000 -1.599678653e-004 1.000000000e+000 1.000000000e+000 1.599678653e-004 2.500000000e+000 2.500000000e+000 0.000000000e+000 0.000000000e+000 0.000000000e+000 -3.551784799e-015 
d 0.000000000e+000 0.000000000e+000 -1.672903614e-004 1.100000000e+000 1.100000000e+000 1.672903614e-004 2.500000000e+000 2.500000000e+000 0.000000000e+000 0.000000000e+000 0.000000000e+000 -3.813314340e-015 
d 0.000000000e+000 0.000000000e+000 -1.732100269e-004 1.200000000e+000 1.200000000e+000 1.732100269e-004 2.500000000e+000 2.500000000e+000 0.000000000e+000 0.000000000e+000 0.000000000e+000 -4.023070217e-015 
d 0.000000000e+000 0.000000000e+000 -1.778805353e-004 1.300000000e+000 1.300000000e+000 1.778805353e-004 2.500000000e+000 2.500000000e+000 0.000000000e+000 0.000000000e+000 0.000000000e+000 -4.182305492e-015 
d 0.000000000e+000 0.000000000e+000 -1.814985959e-004 1.400000000e+000 1.400000000e+000 1.814985959e-004 2.500000000e+000 2.500000000e+000 0.000000000e+000 0.000000000e+000 0.000000000e+000 -4.328768934e-015 
d 0.000000000e+000 0.000000000e+000 -1.842865216e-004 1.500000000e+000 1.500000000e+000 1.842865216e-004 2.500000000e+000 2.500000000e+000 0.000000000e+000 0.000000000e+000 0.000000000e+000 -4.492821667e-015 
d 0.000000000e+000 0.000000000e+000 -1.864590563e-004 1.600000000e+000 1.600000000e+000 1.864590563e-004 2.500000000e+000 2.500000000e+000 0.000000000e+000 0.000000000e+000 0.000000000e+000 -4.726617431e-015 
d 0.000000000e+000 0.000000000e+000 -1.881953642e-004 1.700000000e+000 1.700000000e+000 1.881953642e-004 2.500000000e+000 2.500000000e+000 0.000000000e+000 0.000000000e+000 0.000000000e+000 -4.885647442e-015 
d 0.000000000e+000 0.000000000e+000 -1.896305834e-004 1.800000000e+000 1.800000000e+000 1.896305834e-004 2.500000000e+000 2.500000000e+000 0.000000000e+000 0.000000000e+000 0.000000000e+000 -5.012611073e-015 
d 0.000000000e+000 0.000000000e+000 -1.908613967e-004 1.900000000e+000 1.900000000e+000 1.908613967e-004 2.500000000e+000 2.500000000e+000 0.000000000e+000 0.000000000e+000 0.000000000e+000 -5.117289223e-015 
d 0.000000000e+000 0.000000000e+000 -1.919544620e-004 2.000000000e+000 2.000000000e+000 1.919544620e-004 2.500000000e+000 2.500000000e+000 0.000000000e+000 0.000000000e+000 0.000000000e+000 -5.210719630e-015 
d 0.000000000e+000 0.000000000e+000 -1.929540697e-004 2.100000000e+000 2.100000000e+000 1.929540697e-004 2.500000000e+000 2.500000000e+000 0.000000000e+000 0.000000000e+000 0.000000000e+000 -5.291543722e-015 
d 0.000000000e+000 0.000000000e+000 -1.938887917e-004 2.200000000e+000 2.200000000e+000 1.938887917e-004 2.500000000e+000 2.500000000e+000 0.000000000e+000 0.000000000e+000 0.000000000e+000 -5.361131571e-015 
d 0.000000000e+000 0.000000000e+000 -1.947768744e-004 2.300000000e+000 2.300000000e+000 1.947768744e-004 2.500000000e+000 2.500000000e+000 0.000000000e+000 0.000000000e+000 0.000000000e+000 -5.423919760e-015 
d 0.000000000e+000 0.000000000e+000 -1.956300713e-004 2.400000000e+000 2.400000000e+000 1.956300713e-004 2.500000000e+000 2.500000000e+000 0.000000000e+000 0.000000000e+000 0.000000000e+000 -5.483608895e-015 
d 0.000000000e+000 0.000000000e+000 -1.964562192e-004 2.500000000e+000 2.500000000e+000 1.964562192e-004 2.500000000e+000 2.500000000e+000 0.000000000e+000 0.000000000e+000 0.000000000e+000 -5.543511300e-015 
d 0.000000000e+000 0.000000000e+000 -1.972556448e-004 2.600000000e+000 2.600000000e+000 1.972556448e-004 2.500000000e+000 2.500000000e+000 0.000000000e+000 0.000000000e+000 0.000000000e+000 -5.607053972e-015 
d 0.000000000e+000 0.000000000e+000 -1.980379070e-004 2.700000000e+000 2.700000000e+000 1.980379070e-004 2.500000000e+000 2.500000000e+000 0.000000000e+000 0.000000000e+000 0.000000000e+000 -5.680356150e-015 
