v ATLAS
# This file was created by ATLAS version 5.26.1.R on Mon Dec 08 23:16:08 2025.
#SSF 2.0 generic
##############################################################################
#                    Copyright (c) 1984 - 2018                               #
#                    Silvaco Inc. All rights reserved                        #
#                                                                            #
# This file format and the following Key are copyright Silvaco Inc.          #
# You may not use, this format or key without reproducing this message in    #
# full and obtaining express written permission from Silvaco Inc.            #
#                                                                            #
# To obtain such permission please contact: Silvaco Inc.                     #
#                                           support@silvaco.com              #
#                                                                            #
# KEY=SVC86hn7562asdx                       PROD=345                         #
##############################################################################
y 3 700 711 15
z 1.26 0.0168736 300
f 4 "source" "drain" "gate" "Body" 
p 12 2 601 20 3 602 21 4 603 22 5 604 23 
d 0.000000000e+000 0.000000000e+000 2.405999718e-016 0.000000000e+000 0.000000000e+000 2.673477647e-017 2.000000000e+000 2.000000000e+000 0.000000000e+000 0.000000000e+000 0.000000000e+000 -2.242990749e-021 
d 0.000000000e+000 0.000000000e+000 -9.257539284e-006 5.000000000e-002 5.000000000e-002 9.257539037e-006 2.000000000e+000 2.000000000e+000 0.000000000e+000 0.000000000e+000 0.000000000e+000 -4.006564564e-016 
d 0.000000000e+000 0.000000000e+000 -1.819596588e-005 1.000000000e-001 1.000000000e-001 1.819596588e-005 2.000000000e+000 2.000000000e+000 0.000000000e+000 0.000000000e+000 0.000000000e+000 -6.583595160e-016 
d 0.000000000e+000 0.000000000e+000 -3.506259652e-005 2.000000000e-001 2.000000000e-001 3.506259652e-005 2.000000000e+000 2.000000000e+000 0.000000000e+000 0.000000000e+000 0.000000000e+000 -1.087442600e-015 
d 0.000000000e+000 0.000000000e+000 -5.050629556e-005 3.000000000e-001 3.000000000e-001 5.050629556e-005 2.000000000e+000 2.000000000e+000 0.000000000e+000 0.000000000e+000 0.000000000e+000 -1.478736815e-015 
d 0.000000000e+000 0.000000000e+000 -6.445424473e-005 4.000000000e-001 4.000000000e-001 6.445424473e-005 2.000000000e+000 2.000000000e+000 0.000000000e+000 0.000000000e+000 0.000000000e+000 -1.812752276e-015 
d 0.000000000e+000 0.000000000e+000 -7.685647402e-005 5.000000000e-001 5.000000000e-001 7.685647403e-005 2.000000000e+000 2.000000000e+000 0.000000000e+000 0.000000000e+000 0.000000000e+000 -2.148261396e-015 
d 0.000000000e+000 0.000000000e+000 -8.768875481e-005 6.000000000e-001 6.000000000e-001 8.768875482e-005 2.000000000e+000 2.000000000e+000 0.000000000e+000 0.000000000e+000 0.000000000e+000 -2.446708622e-015 
d 0.000000000e+000 0.000000000e+000 -9.695389689e-005 7.000000000e-001 7.000000000e-001 9.695389689e-005 2.000000000e+000 2.000000000e+000 0.000000000e+000 0.000000000e+000 0.000000000e+000 -2.755962465e-015 
d 0.000000000e+000 0.000000000e+000 -1.046844912e-004 8.000000000e-001 8.000000000e-001 1.046844912e-004 2.000000000e+000 2.000000000e+000 0.000000000e+000 0.000000000e+000 0.000000000e+000 -3.054097844e-015 
d 0.000000000e+000 0.000000000e+000 -1.109482547e-004 9.000000000e-001 9.000000000e-001 1.109482547e-004 2.000000000e+000 2.000000000e+000 0.000000000e+000 0.000000000e+000 0.000000000e+000 -3.288497363e-015 
d 0.000000000e+000 0.000000000e+000 -1.158575315e-004 1.000000000e+000 1.000000000e+000 1.158575315e-004 2.000000000e+000 2.000000000e+000 0.000000000e+000 0.000000000e+000 0.000000000e+000 -3.527321815e-015 
d 0.000000000e+000 0.000000000e+000 -1.195808325e-004 1.100000000e+000 1.100000000e+000 1.195808325e-004 2.000000000e+000 2.000000000e+000 0.000000000e+000 0.000000000e+000 0.000000000e+000 -3.781546749e-015 
d 0.000000000e+000 0.000000000e+000 -1.223428818e-004 1.200000000e+000 1.200000000e+000 1.223428818e-004 2.000000000e+000 2.000000000e+000 0.000000000e+000 0.000000000e+000 0.000000000e+000 -3.984771964e-015 
d 0.000000000e+000 0.000000000e+000 -1.243953704e-004 1.300000000e+000 1.300000000e+000 1.243953704e-004 2.000000000e+000 2.000000000e+000 0.000000000e+000 0.000000000e+000 0.000000000e+000 -4.136883639e-015 
d 0.000000000e+000 0.000000000e+000 -1.259668253e-004 1.400000000e+000 1.400000000e+000 1.259668253e-004 2.000000000e+000 2.000000000e+000 0.000000000e+000 0.000000000e+000 0.000000000e+000 -4.275969729e-015 
d 0.000000000e+000 0.000000000e+000 -1.272290109e-004 1.500000000e+000 1.500000000e+000 1.272290109e-004 2.000000000e+000 2.000000000e+000 0.000000000e+000 0.000000000e+000 0.000000000e+000 -4.432332266e-015 
d 0.000000000e+000 0.000000000e+000 -1.282963757e-004 1.600000000e+000 1.600000000e+000 1.282963757e-004 2.000000000e+000 2.000000000e+000 0.000000000e+000 0.000000000e+000 0.000000000e+000 -4.559229764e-015 
d 0.000000000e+000 0.000000000e+000 -1.292404811e-004 1.700000000e+000 1.700000000e+000 1.292404811e-004 2.000000000e+000 2.000000000e+000 0.000000000e+000 0.000000000e+000 0.000000000e+000 -4.762370088e-015 
d 0.000000000e+000 0.000000000e+000 -1.301046405e-004 1.800000000e+000 1.800000000e+000 1.301046405e-004 2.000000000e+000 2.000000000e+000 0.000000000e+000 0.000000000e+000 0.000000000e+000 -4.933639440e-015 
d 0.000000000e+000 0.000000000e+000 -1.309146400e-004 1.900000000e+000 1.900000000e+000 1.309146400e-004 2.000000000e+000 2.000000000e+000 0.000000000e+000 0.000000000e+000 0.000000000e+000 -5.060733826e-015 
d 0.000000000e+000 0.000000000e+000 -1.316860697e-004 2.000000000e+000 2.000000000e+000 1.316860697e-004 2.000000000e+000 2.000000000e+000 0.000000000e+000 0.000000000e+000 0.000000000e+000 -5.153927478e-015 
d 0.000000000e+000 0.000000000e+000 -1.324241236e-004 2.100000000e+000 2.100000000e+000 1.324241236e-004 2.000000000e+000 2.000000000e+000 0.000000000e+000 0.000000000e+000 0.000000000e+000 -5.224581031e-015 
d 0.000000000e+000 0.000000000e+000 -1.331405027e-004 2.200000000e+000 2.200000000e+000 1.331405027e-004 2.000000000e+000 2.000000000e+000 0.000000000e+000 0.000000000e+000 0.000000000e+000 -5.288989216e-015 
d 0.000000000e+000 0.000000000e+000 -1.338380854e-004 2.300000000e+000 2.300000000e+000 1.338380854e-004 2.000000000e+000 2.000000000e+000 0.000000000e+000 0.000000000e+000 0.000000000e+000 -5.346811138e-015 
d 0.000000000e+000 0.000000000e+000 -1.345192059e-004 2.400000000e+000 2.400000000e+000 1.345192059e-004 2.000000000e+000 2.000000000e+000 0.000000000e+000 0.000000000e+000 0.000000000e+000 -5.403399641e-015 
d 0.000000000e+000 0.000000000e+000 -1.351856000e-004 2.500000000e+000 2.500000000e+000 1.351856000e-004 2.000000000e+000 2.000000000e+000 0.000000000e+000 0.000000000e+000 0.000000000e+000 -5.460569293e-015 
d 0.000000000e+000 0.000000000e+000 -1.358385655e-004 2.600000000e+000 2.600000000e+000 1.358385655e-004 2.000000000e+000 2.000000000e+000 0.000000000e+000 0.000000000e+000 0.000000000e+000 -5.521358250e-015 
d 0.000000000e+000 0.000000000e+000 -1.364790855e-004 2.700000000e+000 2.700000000e+000 1.364790855e-004 2.000000000e+000 2.000000000e+000 0.000000000e+000 0.000000000e+000 0.000000000e+000 -5.589480563e-015 
d 0.000000000e+000 0.000000000e+000 -1.371079120e-004 2.800000000e+000 2.800000000e+000 1.371079120e-004 2.000000000e+000 2.000000000e+000 0.000000000e+000 0.000000000e+000 0.000000000e+000 -5.667761976e-015 
d 0.000000000e+000 0.000000000e+000 -1.377256233e-004 2.900000000e+000 2.900000000e+000 1.377256233e-004 2.000000000e+000 2.000000000e+000 0.000000000e+000 0.000000000e+000 0.000000000e+000 -5.756649352e-015 
d 0.000000000e+000 0.000000000e+000 -1.383326646e-004 3.000000000e+000 3.000000000e+000 1.383326646e-004 2.000000000e+000 2.000000000e+000 0.000000000e+000 0.000000000e+000 0.000000000e+000 -5.853051043e-015 
