v ATLAS
# This file was created by ATLAS version 5.26.1.R on Tue Dec 09 06:22:11 2025.
#SSF 2.0 generic
##############################################################################
#                    Copyright (c) 1984 - 2018                               #
#                    Silvaco Inc. All rights reserved                        #
#                                                                            #
# This file format and the following Key are copyright Silvaco Inc.          #
# You may not use, this format or key without reproducing this message in    #
# full and obtaining express written permission from Silvaco Inc.            #
#                                                                            #
# To obtain such permission please contact: Silvaco Inc.                     #
#                                           support@silvaco.com              #
#                                                                            #
# KEY=SVC86hn7562asdx                       PROD=345                         #
##############################################################################
y 3 700 711 15
z 1.26 0.0168736 300
f 4 "source" "drain" "gate" "Body" 
p 17 40 2 20 3 21 4 22 5 23 3000002 2000002 3001002 2001002 3002002 2002002 3003002 2003002 
Q 3000002 3 "Mhos" 
Q 2000002 3 "F" 
Q 3001002 3 "Mhos" 
Q 2001002 3 "F" 
Q 3002002 3 "Mhos" 
Q 2002002 3 "F" 
Q 3003002 3 "Mhos" 
Q 2003002 3 "F" 
d 1.000000000e+006 0.000000000e+000 -1.336575930e-016 0.000000000e+000 6.686305642e-017 -3.000000000e+000 0.000000000e+000 0.000000000e+000 9.995272334e-021 -6.826771196e-013 2.736465843e-016 -6.827557786e-013 2.736128337e-016 -7.702026597e-012 -2.786915673e-015 9.067428903e-012 2.239656255e-015 
d 1.000000000e+006 0.000000000e+000 -4.277467129e-016 0.000000000e+000 1.871336729e-016 -2.900000000e+000 0.000000000e+000 0.000000000e+000 -5.404477268e-021 -6.816331712e-013 2.736915076e-016 -6.817631414e-013 2.736559485e-016 -7.681369990e-012 -2.783895166e-015 9.044793005e-012 2.236547710e-015 
d 1.000000000e+006 0.000000000e+000 -9.357173881e-017 0.000000000e+000 -2.940597530e-016 -2.800000000e+000 0.000000000e+000 0.000000000e+000 -4.690582128e-021 -6.804944887e-013 2.737393775e-016 -6.806231950e-013 2.737014498e-016 -7.658098429e-012 -2.780485893e-015 9.019200570e-012 2.233045066e-015 
d 1.000000000e+006 0.000000000e+000 -2.005271811e-016 0.000000000e+000 4.008911296e-017 -2.700000000e+000 0.000000000e+000 0.000000000e+000 -8.005097989e-021 -6.791956834e-013 2.737910959e-016 -6.793151245e-013 2.737500742e-016 -7.631723749e-012 -2.776615187e-015 8.990238608e-012 2.229074017e-015 
d 1.000000000e+006 0.000000000e+000 5.213510728e-016 0.000000000e+000 -6.683043059e-017 -2.600000000e+000 0.000000000e+000 0.000000000e+000 -8.107083449e-021 -6.776960715e-013 2.738478498e-016 -6.778795331e-013 2.738027777e-016 -7.601637040e-012 -2.772192201e-015 8.957176160e-012 2.224541573e-015 
d 1.000000000e+006 0.000000000e+000 -6.531749766e-021 0.000000000e+000 -1.336510659e-016 -2.500000000e+000 0.000000000e+000 0.000000000e+000 -1.743872016e-020 -6.759665853e-013 2.739112303e-016 -6.761609984e-013 2.738608234e-016 -7.567070636e-012 -2.767102104e-015 8.919150631e-012 2.219330050e-015 
d 1.000000000e+006 0.000000000e+000 2.674130352e-017 0.000000000e+000 -5.344672239e-017 -2.400000000e+000 0.000000000e+000 0.000000000e+000 3.621201559e-021 -6.739170481e-013 2.739834149e-016 -6.741491520e-013 2.739259118e-016 -7.527045145e-012 -2.761197947e-015 8.875145297e-012 2.213288621e-015 
d 1.000000000e+006 0.000000000e+000 -1.202967294e-016 0.000000000e+000 1.336510565e-016 -2.300000000e+000 0.000000000e+000 0.000000000e+000 -1.834998923e-021 -6.715469144e-013 2.740674511e-016 -6.718227787e-013 2.740003811e-016 -7.480294112e-012 -2.754289044e-015 8.823683118e-012 2.206221212e-015 
d 1.000000000e+006 0.000000000e+000 -4.010217646e-017 0.000000000e+000 -2.674131292e-017 -2.200000000e+000 0.000000000e+000 0.000000000e+000 2.397382575e-021 -6.686885585e-013 2.741677142e-016 -6.690736687e-013 2.740875208e-016 -7.425154867e-012 -2.746123999e-015 8.762917600e-012 2.197868764e-015 
d 1.000000000e+006 0.000000000e+000 2.406195529e-016 0.000000000e+000 -2.673478588e-017 -2.100000000e+000 0.000000000e+000 0.000000000e+000 1.611437806e-020 -6.652474007e-013 2.742906719e-016 -6.656926264e-013 2.741920826e-016 -7.359406278e-012 -2.736365315e-015 8.690334881e-012 2.187882560e-015 
d 1.000000000e+006 0.000000000e+000 2.539706259e-016 0.000000000e+000 8.021086586e-017 -2.000000000e+000 0.000000000e+000 0.000000000e+000 1.887457059e-021 -6.609926318e-013 2.744462109e-016 -6.616043988e-013 2.743211387e-016 -7.280021329e-012 -2.724550308e-015 8.602660089e-012 2.175782958e-015 
d 1.000000000e+006 0.000000000e+000 -1.470380376e-016 0.000000000e+000 2.673510706e-016 -1.900000000e+000 0.000000000e+000 0.000000000e+000 -5.659440116e-021 -6.557138330e-013 2.746500526e-016 -6.565374419e-013 2.744855877e-016 -7.182778262e-012 -2.710029085e-015 8.495009988e-012 2.160893445e-015 
d 1.000000000e+006 0.000000000e+000 4.009237649e-017 0.000000000e+000 -1.337065881e-017 -1.800000000e+000 0.000000000e+000 0.000000000e+000 -1.987976666e-021 -6.489723006e-013 2.749283924e-016 -6.501188273e-013 2.747029251e-016 -7.061630123e-012 -2.691862649e-015 8.360709441e-012 2.142231331e-015 
d 1.000000000e+006 0.000000000e+000 -1.336706470e-016 0.000000000e+000 -8.020761175e-017 -1.700000000e+000 0.000000000e+000 0.000000000e+000 3.774181255e-021 -6.401024253e-013 2.753273981e-016 -6.417623716e-013 2.750026365e-016 -6.907644951e-012 -2.668648989e-015 8.189528979e-012 2.118318954e-015 
d 1.000000000e+006 0.000000000e+000 9.357825645e-017 0.000000000e+000 1.737760729e-016 -1.600000000e+000 0.000000000e+000 0.000000000e+000 -1.565397971e-020 -6.281022984e-013 2.759341453e-016 -6.305841938e-013 2.754374055e-016 -6.707156996e-012 -2.638213637e-015 7.965835818e-012 2.086842087e-015 
d 1.000000000e+006 0.000000000e+000 1.069358565e-016 0.000000000e+000 8.021412939e-017 -1.500000000e+000 0.000000000e+000 0.000000000e+000 -5.353485031e-021 -6.110081731e-013 2.769268050e-016 -6.150209505e-013 2.761082604e-016 -6.438423580e-012 -2.597034712e-015 7.664447984e-012 2.043999647e-015 
d 1.000000000e+006 0.000000000e+000 -2.940923882e-016 0.000000000e+000 1.737826000e-016 -1.400000000e+000 0.000000000e+000 0.000000000e+000 8.618473098e-021 -5.852965764e-013 2.787054552e-016 -5.923901871e-013 2.772260206e-016 -6.065454551e-012 -2.539136226e-015 7.243107183e-012 1.983204750e-015 
d 1.000000000e+006 0.000000000e+000 -2.540000070e-016 0.000000000e+000 1.069456470e-016 -1.300000000e+000 0.000000000e+000 0.000000000e+000 8.057555179e-021 -5.437087115e-013 2.822431621e-016 -5.573872770e-013 2.792739192e-016 -5.527474948e-012 -2.454007601e-015 6.628642821e-012 1.892490519e-015 
d 1.000000000e+006 0.000000000e+000 -6.684022116e-017 0.000000000e+000 -5.347935762e-017 -1.200000000e+000 0.000000000e+000 0.000000000e+000 6.068845111e-021 -4.728994737e-013 2.897318975e-016 -5.002880660e-013 2.834362688e-016 -4.733723006e-012 -2.324209433e-015 5.706921464e-012 1.751041267e-015 
d 1.000000000e+006 0.000000000e+000 -3.876510682e-016 0.000000000e+000 -1.871597905e-016 -1.100000000e+000 0.000000000e+000 0.000000000e+000 2.346388286e-021 -3.687162567e-013 3.024351456e-016 -4.098341973e-013 2.921627785e-016 -3.659414125e-012 -2.135249648e-015 4.437959758e-012 1.540651724e-015 
d 1.000000000e+006 0.000000000e+000 5.349240231e-017 0.000000000e+000 6.683694823e-017 -1.000000000e+000 0.000000000e+000 0.000000000e+000 3.066847129e-022 -2.760513700e-013 3.127805976e-016 -3.030246467e-013 3.052913424e-016 -2.577508833e-012 -1.912747708e-015 3.156558580e-012 1.294675768e-015 
d 1.000000000e+006 0.000000000e+000 -2.539347365e-016 0.000000000e+000 -1.737923999e-016 -9.000000000e-001 0.000000000e+000 0.000000000e+000 4.131122352e-021 -2.156641031e-013 3.177513031e-016 -2.264764185e-013 3.143202706e-016 -1.769587753e-012 -1.705666764e-015 2.211725352e-012 1.073595190e-015 
d 1.000000000e+006 0.000000000e+000 2.673575976e-016 0.000000000e+000 -1.336804376e-016 -8.000000000e-001 0.000000000e+000 0.000000000e+000 3.060272106e-021 -1.746293943e-013 3.209339886e-016 -1.802597085e-013 3.187713636e-016 -1.245358990e-012 -1.540870587e-015 1.600229817e-012 9.011652344e-016 
d 1.000000000e+006 0.000000000e+000 2.539902070e-016 0.000000000e+000 2.405967082e-016 -7.000000000e-001 0.000000000e+000 0.000000000e+000 -5.302512362e-021 -1.463059121e-013 3.236379223e-016 -1.501233259e-013 3.218983040e-016 -9.261080351e-013 -1.423123654e-015 1.222553749e-012 7.775874281e-016 
d 1.000000000e+006 0.000000000e+000 4.010543058e-017 0.000000000e+000 5.079575741e-016 -6.000000000e-001 0.000000000e+000 0.000000000e+000 -5.455493375e-021 -1.262013953e-013 3.261246576e-016 -1.292081033e-013 3.246133957e-016 -7.277019954e-013 -1.340338376e-015 9.831005885e-013 6.896003231e-016 
d 1.000000000e+006 0.000000000e+000 2.673477647e-017 0.000000000e+000 1.604250000e-016 -5.000000000e-001 0.000000000e+000 0.000000000e+000 -3.415793714e-021 -1.110514870e-013 3.284817562e-016 -1.135362376e-013 3.271171691e-016 -5.954176327e-013 -1.279554582e-015 8.200529300e-013 6.239556563e-016 
d 1.000000000e+006 0.000000000e+000 4.010543058e-017 0.000000000e+000 -8.019455766e-017 -4.000000000e-001 0.000000000e+000 0.000000000e+000 5.507900050e-021 -9.894524587e-014 3.307710499e-016 -1.012170351e-013 3.294971500e-016 -5.009652116e-013 -1.232684583e-015 7.010997514e-013 5.724163832e-016 
d 1.000000000e+006 0.000000000e+000 -1.604086917e-016 0.000000000e+000 1.871499906e-016 -3.000000000e-001 0.000000000e+000 0.000000000e+000 -2.803887641e-021 -8.871110973e-014 3.330549536e-016 -9.087027425e-014 3.318229085e-016 -4.296883574e-013 -1.195026089e-015 6.092774160e-013 5.301482273e-016 
d 1.000000000e+006 0.000000000e+000 1.470412918e-016 0.000000000e+000 4.410945130e-016 -2.000000000e-001 0.000000000e+000 0.000000000e+000 -4.741606988e-021 -7.972273042e-014 3.354458395e-016 -8.182345220e-014 3.341680683e-016 -3.732659628e-013 -1.163735699e-015 5.347868828e-013 4.941217915e-016 
d 1.000000000e+006 0.000000000e+000 2.005108541e-016 0.000000000e+000 1.069391200e-016 -1.000000000e-001 0.000000000e+000 0.000000000e+000 -7.138259547e-021 -7.142039625e-014 3.387835070e-016 -7.358623536e-014 3.367148692e-016 -3.266907666e-013 -1.137738574e-015 4.716387951e-013 4.622401976e-016 
d 1.000000000e+006 0.000000000e+000 3.208173694e-016 0.000000000e+000 3.876804305e-016 -8.495655502e-016 0.000000000e+000 0.000000000e+000 5.558881859e-021 -6.321677512e-014 3.534912141e-016 -6.511748179e-014 3.413203347e-016 -2.864626896e-013 -1.126465807e-015 4.148085452e-013 4.316542582e-016 
d 1.000000000e+006 0.000000000e+000 3.208271599e-016 0.000000000e+000 -2.673641341e-016 1.000000000e-001 0.000000000e+000 0.000000000e+000 -8.056131954e-021 -4.367662704e-014 4.383123244e-016 -4.647219376e-014 3.717447499e-016 -2.589168556e-013 -1.200681822e-015 3.490732013e-013 3.906247475e-016 
d 1.000000000e+006 0.000000000e+000 -1.069456564e-016 0.000000000e+000 2.138782447e-016 2.000000000e-001 0.000000000e+000 0.000000000e+000 -1.463417394e-020 1.266122729e-013 6.910150818e-016 9.841961326e-014 5.612103170e-016 -4.115620488e-013 -1.546070529e-015 1.864676320e-013 2.938451303e-016 
d 1.000000000e+006 0.000000000e+000 3.743260940e-016 0.000000000e+000 -6.683695764e-017 3.000000000e-001 0.000000000e+000 0.000000000e+000 1.356470307e-020 3.338067540e-013 1.067836871e-015 2.971095491e-013 9.296545479e-016 -6.091492790e-013 -2.139271191e-015 -2.171293657e-014 1.417797716e-016 
d 1.000000000e+006 0.000000000e+000 -1.871597905e-016 0.000000000e+000 6.416249529e-016 4.000000000e-001 0.000000000e+000 0.000000000e+000 -1.101370636e-020 2.785663642e-013 1.233396448e-015 2.603704278e-013 1.135755465e-015 -4.827981411e-013 -2.439419182e-015 -5.615925909e-014 7.026726942e-017 
d 1.000000000e+006 0.000000000e+000 -2.672825883e-017 0.000000000e+000 2.272521623e-016 5.000000000e-001 0.000000000e+000 0.000000000e+000 3.774131984e-021 2.156827232e-013 1.298816868e-015 2.059835391e-013 1.227845252e-015 -3.687978813e-013 -2.568542661e-015 -5.289886062e-014 4.188054086e-017 
d 1.000000000e+006 0.000000000e+000 1.603434119e-016 0.000000000e+000 6.692506335e-017 6.000000000e-001 0.000000000e+000 0.000000000e+000 6.527729147e-021 1.737012811e-013 1.331442886e-015 1.677457159e-013 1.276618249e-015 -2.948512589e-013 -2.636219593e-015 -4.655364957e-014 2.815845841e-017 
d 1.000000000e+006 0.000000000e+000 -4.277695576e-016 0.000000000e+000 2.807249882e-016 7.000000000e-001 0.000000000e+000 0.000000000e+000 4.539019465e-021 1.453453493e-013 1.350688767e-015 1.414022285e-013 1.306416022e-015 -2.456294588e-013 -2.677532234e-015 -4.112066037e-014 2.042744473e-017 
d 1.000000000e+006 0.000000000e+000 2.272227906e-016 0.000000000e+000 2.807217247e-016 8.000000000e-001 0.000000000e+000 0.000000000e+000 5.762840390e-021 1.253944885e-013 1.363354700e-015 1.225395842e-013 1.326457501e-015 -2.111018472e-013 -2.705413415e-015 -3.681271932e-014 1.560121393e-017 
d 1.000000000e+006 0.000000000e+000 -6.683695764e-017 0.000000000e+000 3.342043411e-016 9.000000000e-001 0.000000000e+000 0.000000000e+000 -7.642059794e-022 1.107188191e-013 1.372332247e-015 1.085057496e-013 1.340856769e-015 -1.857324152e-013 -2.725554638e-015 -3.339549317e-014 1.236562230e-017 
d 1.000000000e+006 0.000000000e+000 4.010315035e-016 0.000000000e+000 2.677393874e-017 1.000000000e+000 0.000000000e+000 0.000000000e+000 -2.446960223e-021 9.939958094e-014 1.379039232e-015 9.767843315e-014 1.351703412e-015 -1.663761158e-013 -2.740823135e-015 -3.064201888e-014 1.008049062e-017 
d 1.000000000e+006 0.000000000e+000 1.470249741e-016 0.000000000e+000 4.011195762e-017 1.100000000e+000 0.000000000e+000 0.000000000e+000 4.946959159e-021 9.043720898e-014 1.384247973e-015 8.907466613e-014 1.360167270e-015 -1.511514840e-013 -2.752816607e-015 -2.838336361e-014 8.401364687e-018 
d 1.000000000e+006 0.000000000e+000 1.871336729e-016 0.000000000e+000 2.138554000e-016 1.200000000e+000 0.000000000e+000 0.000000000e+000 -8.464081155e-021 8.324727375e-014 1.388414241e-015 8.213102372e-014 1.366953862e-015 -1.388759196e-013 -2.762496510e-015 -2.649924932e-014 7.128406895e-018 
d 1.000000000e+006 0.000000000e+000 -4.012502113e-017 0.000000000e+000 -5.344998592e-017 1.300000000e+000 0.000000000e+000 0.000000000e+000 1.479465678e-021 7.733315474e-014 1.391824428e-015 7.637382466e-014 1.372514183e-015 -1.287733401e-013 -2.770477277e-015 -2.490395069e-014 6.138666230e-018 
d 1.000000000e+006 0.000000000e+000 1.470576094e-016 0.000000000e+000 1.336771647e-016 1.400000000e+000 0.000000000e+000 0.000000000e+000 5.405891820e-021 7.231803403e-014 1.394667777e-015 7.154743604e-014 1.377150267e-015 -1.203153129e-013 -2.777170902e-015 -2.353547841e-014 5.352858494e-018 
d 1.000000000e+006 0.000000000e+000 -1.470315106e-016 0.000000000e+000 1.203163011e-016 1.500000000e+000 0.000000000e+000 0.000000000e+000 1.479465530e-021 6.808383111e-014 1.397074582e-015 6.741888465e-014 1.381072211e-015 -1.131305142e-013 -2.782864650e-015 -2.234818552e-014 4.717857252e-018 
d 1.000000000e+006 0.000000000e+000 2.005402258e-016 0.000000000e+000 6.684021175e-017 1.600000000e+000 0.000000000e+000 0.000000000e+000 -7.801178325e-021 6.445891210e-014 1.399137654e-015 6.382496593e-014 1.384430822e-015 -1.069508586e-013 -2.787765385e-015 -2.130782924e-014 4.196908243e-018 
d 1.000000000e+006 0.000000000e+000 2.629746437e-017 0.000000000e+000 3.479698815e-016 1.700000000e+000 0.000000000e+000 0.000000000e+000 -6.934305057e-021 6.125218211e-014 1.400925017e-015 6.069076568e-014 1.387337247e-015 -1.015782063e-013 -2.792026152e-015 -2.038828173e-014 3.763887898e-018 
d 1.000000000e+006 0.000000000e+000 -1.359257839e-017 0.000000000e+000 4.035672185e-017 1.800000000e+000 0.000000000e+000 0.000000000e+000 5.201921393e-021 5.850171448e-014 1.402487743e-015 5.799147079e-014 1.389875256e-015 -9.686308887e-014 -2.795762793e-015 -1.956927557e-014 3.399793939e-018 
d 1.000000000e+006 0.000000000e+000 -1.472142679e-016 0.000000000e+000 1.472240490e-016 1.900000000e+000 0.000000000e+000 0.000000000e+000 5.609861733e-021 5.598707177e-014 1.403864977e-015 5.553231853e-014 1.392109215e-015 -9.269070896e-014 -2.799064716e-015 -1.883485320e-014 3.090524067e-018 
d 1.000000000e+006 0.000000000e+000 2.806531907e-016 0.000000000e+000 -1.202510401e-016 2.000000000e+000 0.000000000e+000 0.000000000e+000 -3.925744845e-021 5.375532091e-014 1.405087258e-015 5.340517340e-014 1.394089411e-015 -8.897148438e-014 -2.802002096e-015 -1.817229249e-014 2.825426961e-018 
d 1.000000000e+006 0.000000000e+000 2.272064730e-016 0.000000000e+000 1.339675759e-017 2.100000000e+000 0.000000000e+000 0.000000000e+000 -1.522963067e-022 5.180634188e-014 1.406178783e-015 5.141590482e-014 1.395855708e-015 -8.563451242e-014 -2.804630823e-015 -1.757131753e-014 2.596331915e-018 
d 1.000000000e+006 0.000000000e+000 3.876347412e-016 0.000000000e+000 -2.667604247e-017 2.200000000e+000 0.000000000e+000 0.000000000e+000 -8.260111524e-021 4.996985499e-014 1.407158982e-015 4.966152993e-014 1.397440120e-015 -8.262295821e-014 -2.806995985e-015 -1.702353861e-014 2.396883837e-018 
d 1.000000000e+006 0.000000000e+000 3.341749694e-016 0.000000000e+000 3.876673764e-016 2.300000000e+000 0.000000000e+000 0.000000000e+000 1.530457722e-021 4.835083666e-014 1.408043645e-015 4.807225652e-014 1.398868645e-015 -7.989073985e-014 -2.809134368e-015 -1.652204091e-014 2.222078081e-018 
d 1.000000000e+006 0.000000000e+000 4.544619035e-016 0.000000000e+000 -1.604054282e-016 2.400000000e+000 0.000000000e+000 0.000000000e+000 7.751548587e-021 4.688880198e-014 1.408845737e-015 4.660186309e-014 1.400162620e-015 -7.740010554e-014 -2.811076286e-015 -1.606106968e-014 2.067929076e-018 
d 1.000000000e+006 0.000000000e+000 4.277564941e-016 0.000000000e+000 4.144119481e-016 2.500000000e+000 0.000000000e+000 0.000000000e+000 -4.792618329e-021 4.547561171e-014 1.409576010e-015 4.527764465e-014 1.401339710e-015 -7.511983570e-014 -2.812846950e-015 -1.563579590e-014 1.931230365e-018 
d 1.000000000e+006 0.000000000e+000 2.406097623e-016 0.000000000e+000 4.009237648e-017 2.600000000e+000 0.000000000e+000 0.000000000e+000 -2.803908970e-021 4.425023439e-014 1.410243448e-015 4.402927544e-014 1.402414666e-015 -7.302389012e-014 -2.814467492e-015 -1.524213929e-014 1.809378231e-018 
d 1.000000000e+006 0.000000000e+000 2.671845885e-017 0.000000000e+000 9.358804702e-017 2.700000000e+000 0.000000000e+000 0.000000000e+000 -6.832320312e-021 4.307957730e-014 1.410855622e-015 4.289610212e-014 1.403399900e-015 -7.109037733e-014 -2.815955762e-015 -1.487662366e-014 1.700240324e-018 
d 1.000000000e+006 0.000000000e+000 2.673347529e-016 0.000000000e+000 -1.871467364e-016 2.800000000e+000 0.000000000e+000 0.000000000e+000 -8.260111688e-021 4.201302399e-014 1.411418954e-015 4.181715520e-014 1.404305922e-015 -6.930076004e-014 -2.817326932e-015 -1.453626942e-014 1.602056581e-018 
d 1.000000000e+006 0.000000000e+000 2.673510706e-016 0.000000000e+000 1.604217364e-016 2.900000000e+000 0.000000000e+000 0.000000000e+000 -7.342245840e-021 4.100724923e-014 1.411938925e-015 4.082871910e-014 1.405141694e-015 -6.763923628e-014 -2.818593982e-015 -1.421851133e-014 1.513363666e-018 
d 1.000000000e+006 0.000000000e+000 1.340654816e-017 0.000000000e+000 3.743163034e-016 3.000000000e+000 0.000000000e+000 0.000000000e+000 2.141755139e-020 4.008323291e-014 1.412420242e-015 3.991425085e-014 1.405914900e-015 -6.609225241e-014 -2.819768079e-015 -1.392112489e-014 1.432936745e-018 
