v ATLAS
# This file was created by ATLAS version 5.26.1.R on Tue Dec 09 06:21:07 2025.
#SSF 2.0 generic
##############################################################################
#                    Copyright (c) 1984 - 2018                               #
#                    Silvaco Inc. All rights reserved                        #
#                                                                            #
# This file format and the following Key are copyright Silvaco Inc.          #
# You may not use, this format or key without reproducing this message in    #
# full and obtaining express written permission from Silvaco Inc.            #
#                                                                            #
# To obtain such permission please contact: Silvaco Inc.                     #
#                                           support@silvaco.com              #
#                                                                            #
# KEY=SVC86hn7562asdx                       PROD=345                         #
##############################################################################
y 3 700 711 15
z 1.26 0.0168736 300
f 4 "source" "drain" "gate" "Body" 
p 14 2 601 20 3 602 21 4 603 22 5 604 23 2229 1045002 
d 0.000000000e+000 0.000000000e+000 -1.336575930e-016 0.000000000e+000 0.000000000e+000 6.686305642e-017 -3.000000000e+000 -3.000000000e+000 0.000000000e+000 0.000000000e+000 0.000000000e+000 9.995272334e-021 0.000000000e+000 0.000000000e+000 
d 0.000000000e+000 0.000000000e+000 -4.277467129e-016 0.000000000e+000 0.000000000e+000 1.871336729e-016 -2.900000000e+000 -2.900000000e+000 0.000000000e+000 0.000000000e+000 0.000000000e+000 -5.404477268e-021 2.785436011e-015 2.785436011e-015 
d 0.000000000e+000 0.000000000e+000 -9.357173881e-017 0.000000000e+000 0.000000000e+000 -2.940597530e-016 -2.800000000e+000 -2.800000000e+000 0.000000000e+000 0.000000000e+000 0.000000000e+000 -4.690582128e-021 2.782226537e-015 2.782226537e-015 
d 0.000000000e+000 0.000000000e+000 -2.005271811e-016 0.000000000e+000 0.000000000e+000 4.008911296e-017 -2.700000000e+000 -2.700000000e+000 0.000000000e+000 0.000000000e+000 0.000000000e+000 -8.005097989e-021 2.778593282e-015 2.778593282e-015 
d 0.000000000e+000 0.000000000e+000 5.213510728e-016 0.000000000e+000 0.000000000e+000 -6.683043059e-017 -2.600000000e+000 -2.600000000e+000 0.000000000e+000 0.000000000e+000 0.000000000e+000 -8.107083449e-021 2.774454898e-015 2.774454898e-015 
d 0.000000000e+000 0.000000000e+000 -6.531749766e-021 0.000000000e+000 0.000000000e+000 -1.336510659e-016 -2.500000000e+000 -2.500000000e+000 0.000000000e+000 0.000000000e+000 0.000000000e+000 -1.743872016e-020 2.769709112e-015 2.769709112e-015 
d 0.000000000e+000 0.000000000e+000 2.674130352e-017 0.000000000e+000 0.000000000e+000 -5.344672239e-017 -2.400000000e+000 -2.400000000e+000 0.000000000e+000 0.000000000e+000 0.000000000e+000 3.621201559e-021 2.764225837e-015 2.764225837e-015 
d 0.000000000e+000 0.000000000e+000 -1.202967294e-016 0.000000000e+000 0.000000000e+000 1.336510565e-016 -2.300000000e+000 -2.300000000e+000 0.000000000e+000 0.000000000e+000 0.000000000e+000 -1.834998923e-021 2.757837410e-015 2.757837410e-015 
d 0.000000000e+000 0.000000000e+000 -4.010217646e-017 0.000000000e+000 0.000000000e+000 -2.674131292e-017 -2.200000000e+000 -2.200000000e+000 0.000000000e+000 0.000000000e+000 0.000000000e+000 2.397382575e-021 2.750324494e-015 2.750324494e-015 
d 0.000000000e+000 0.000000000e+000 2.406195529e-016 0.000000000e+000 0.000000000e+000 -2.673478588e-017 -2.100000000e+000 -2.100000000e+000 0.000000000e+000 0.000000000e+000 0.000000000e+000 1.611437806e-020 2.741395227e-015 2.741395227e-015 
d 0.000000000e+000 0.000000000e+000 2.539706259e-016 0.000000000e+000 0.000000000e+000 8.021086586e-017 -2.000000000e+000 -2.000000000e+000 0.000000000e+000 0.000000000e+000 0.000000000e+000 1.887457059e-021 2.730653546e-015 2.730653546e-015 
d 0.000000000e+000 0.000000000e+000 -1.470380376e-016 0.000000000e+000 0.000000000e+000 2.673510706e-016 -1.900000000e+000 -1.900000000e+000 0.000000000e+000 0.000000000e+000 0.000000000e+000 -5.659440116e-021 2.717549651e-015 2.717549651e-015 
d 0.000000000e+000 0.000000000e+000 4.009237649e-017 0.000000000e+000 0.000000000e+000 -1.337065881e-017 -1.800000000e+000 -1.800000000e+000 0.000000000e+000 0.000000000e+000 0.000000000e+000 -1.987976666e-021 2.701299927e-015 2.701299927e-015 
d 0.000000000e+000 0.000000000e+000 -1.336706470e-016 0.000000000e+000 0.000000000e+000 -8.020761175e-017 -1.700000000e+000 -1.700000000e+000 0.000000000e+000 0.000000000e+000 0.000000000e+000 3.774181255e-021 2.680752686e-015 2.680752686e-015 
d 0.000000000e+000 0.000000000e+000 9.357825645e-017 0.000000000e+000 0.000000000e+000 1.737760729e-016 -1.600000000e+000 -1.600000000e+000 0.000000000e+000 0.000000000e+000 0.000000000e+000 -1.565397971e-020 2.654153798e-015 2.654153798e-015 
d 0.000000000e+000 0.000000000e+000 1.069358565e-016 0.000000000e+000 0.000000000e+000 8.021412939e-017 -1.500000000e+000 -1.500000000e+000 0.000000000e+000 0.000000000e+000 0.000000000e+000 -5.353485031e-021 2.618719616e-015 2.618719616e-015 
d 0.000000000e+000 0.000000000e+000 -2.940923882e-016 0.000000000e+000 0.000000000e+000 1.737826000e-016 -1.400000000e+000 -1.400000000e+000 0.000000000e+000 0.000000000e+000 0.000000000e+000 8.618473098e-021 2.569826503e-015 2.569826503e-015 
d 0.000000000e+000 0.000000000e+000 -2.540000070e-016 0.000000000e+000 0.000000000e+000 1.069456470e-016 -1.300000000e+000 -1.300000000e+000 0.000000000e+000 0.000000000e+000 0.000000000e+000 8.057555179e-021 2.499455027e-015 2.499455027e-015 
d 0.000000000e+000 0.000000000e+000 -6.684022116e-017 0.000000000e+000 0.000000000e+000 -5.347935762e-017 -1.200000000e+000 -1.200000000e+000 0.000000000e+000 0.000000000e+000 0.000000000e+000 6.068845111e-021 2.393709447e-015 2.393709447e-015 
d 0.000000000e+000 0.000000000e+000 -3.876510682e-016 0.000000000e+000 0.000000000e+000 -1.871597905e-016 -1.100000000e+000 -1.100000000e+000 0.000000000e+000 0.000000000e+000 0.000000000e+000 2.346388286e-021 2.234437238e-015 2.234437238e-015 
d 0.000000000e+000 0.000000000e+000 5.349240231e-017 0.000000000e+000 0.000000000e+000 6.683694823e-017 -1.000000000e+000 -1.000000000e+000 0.000000000e+000 0.000000000e+000 0.000000000e+000 3.066847129e-022 2.024574367e-015 2.024574367e-015 
d 0.000000000e+000 0.000000000e+000 -2.539347365e-016 0.000000000e+000 0.000000000e+000 -1.737923999e-016 -9.000000000e-001 -9.000000000e-001 0.000000000e+000 0.000000000e+000 0.000000000e+000 4.131122352e-021 1.806438470e-015 1.806438470e-015 
d 0.000000000e+000 0.000000000e+000 2.673575976e-016 0.000000000e+000 0.000000000e+000 -1.336804376e-016 -8.000000000e-001 -8.000000000e-001 0.000000000e+000 0.000000000e+000 0.000000000e+000 3.060272106e-021 1.619195452e-015 1.619195452e-015 
d 0.000000000e+000 0.000000000e+000 2.539902070e-016 0.000000000e+000 0.000000000e+000 2.405967082e-016 -7.000000000e-001 -7.000000000e-001 0.000000000e+000 0.000000000e+000 0.000000000e+000 -5.302512362e-021 1.478452766e-015 1.478452766e-015 
d 0.000000000e+000 0.000000000e+000 4.010543058e-017 0.000000000e+000 0.000000000e+000 5.079575741e-016 -6.000000000e-001 -6.000000000e-001 0.000000000e+000 0.000000000e+000 0.000000000e+000 -5.455493375e-021 1.379431093e-015 1.379431093e-015 
d 0.000000000e+000 0.000000000e+000 2.673477647e-017 0.000000000e+000 0.000000000e+000 1.604250000e-016 -5.000000000e-001 -5.000000000e-001 0.000000000e+000 0.000000000e+000 0.000000000e+000 -3.415793714e-021 1.308517999e-015 1.308517999e-015 
d 0.000000000e+000 0.000000000e+000 4.010543058e-017 0.000000000e+000 0.000000000e+000 -8.019455766e-017 -4.000000000e-001 -4.000000000e-001 0.000000000e+000 0.000000000e+000 0.000000000e+000 5.507900050e-021 1.255192697e-015 1.255192697e-015 
d 0.000000000e+000 0.000000000e+000 -1.604086917e-016 0.000000000e+000 0.000000000e+000 1.871499906e-016 -3.000000000e-001 -3.000000000e-001 0.000000000e+000 0.000000000e+000 0.000000000e+000 -2.803887641e-021 1.213227815e-015 1.213227815e-015 
d 0.000000000e+000 0.000000000e+000 1.470412918e-016 0.000000000e+000 0.000000000e+000 4.410945130e-016 -2.000000000e-001 -2.000000000e-001 0.000000000e+000 0.000000000e+000 0.000000000e+000 -4.741606988e-021 1.178932356e-015 1.178932356e-015 
d 0.000000000e+000 0.000000000e+000 2.005108541e-016 0.000000000e+000 0.000000000e+000 1.069391200e-016 -1.000000000e-001 -1.000000000e-001 0.000000000e+000 0.000000000e+000 0.000000000e+000 -7.138259547e-021 1.150243003e-015 1.150243003e-015 
d 0.000000000e+000 0.000000000e+000 3.208173694e-016 0.000000000e+000 0.000000000e+000 3.876804305e-016 -8.495655502e-016 -8.495655502e-016 0.000000000e+000 0.000000000e+000 0.000000000e+000 5.558881859e-021 1.129501540e-015 1.129501540e-015 
d 0.000000000e+000 0.000000000e+000 3.208271599e-016 0.000000000e+000 0.000000000e+000 -2.673641341e-016 1.000000000e-001 1.000000000e-001 0.000000000e+000 0.000000000e+000 0.000000000e+000 -8.056131954e-021 1.151027047e-015 1.151027047e-015 
d 0.000000000e+000 0.000000000e+000 -1.069456564e-016 0.000000000e+000 0.000000000e+000 2.138782447e-016 2.000000000e-001 2.000000000e-001 0.000000000e+000 0.000000000e+000 0.000000000e+000 -1.463417394e-020 1.337627704e-015 1.337627704e-015 
d 0.000000000e+000 0.000000000e+000 3.743260940e-016 0.000000000e+000 0.000000000e+000 -6.683695764e-017 3.000000000e-001 3.000000000e-001 0.000000000e+000 0.000000000e+000 0.000000000e+000 1.356470307e-020 1.855089835e-015 1.855089835e-015 
d 0.000000000e+000 0.000000000e+000 -1.871597905e-016 0.000000000e+000 0.000000000e+000 6.416249529e-016 4.000000000e-001 4.000000000e-001 0.000000000e+000 0.000000000e+000 0.000000000e+000 -1.101370636e-020 2.311967583e-015 2.311967583e-015 
d 0.000000000e+000 0.000000000e+000 -2.672825883e-017 0.000000000e+000 0.000000000e+000 2.272521623e-016 5.000000000e-001 5.000000000e-001 0.000000000e+000 0.000000000e+000 0.000000000e+000 3.774131984e-021 2.511824707e-015 2.511824707e-015 
d 0.000000000e+000 0.000000000e+000 1.603434119e-016 0.000000000e+000 0.000000000e+000 6.692506335e-017 6.000000000e-001 6.000000000e-001 0.000000000e+000 0.000000000e+000 0.000000000e+000 6.527729147e-021 2.605490622e-015 2.605490622e-015 
d 0.000000000e+000 0.000000000e+000 -4.277695576e-016 0.000000000e+000 0.000000000e+000 2.807249882e-016 7.000000000e-001 7.000000000e-001 0.000000000e+000 0.000000000e+000 0.000000000e+000 4.539019465e-021 2.658364910e-015 2.658364910e-015 
d 0.000000000e+000 0.000000000e+000 2.272227906e-016 0.000000000e+000 0.000000000e+000 2.807217247e-016 8.000000000e-001 8.000000000e-001 0.000000000e+000 0.000000000e+000 0.000000000e+000 5.762840390e-021 2.692292516e-015 2.692292516e-015 
d 0.000000000e+000 0.000000000e+000 -6.683695764e-017 0.000000000e+000 0.000000000e+000 3.342043411e-016 9.000000000e-001 9.000000000e-001 0.000000000e+000 0.000000000e+000 0.000000000e+000 -7.642059794e-022 2.715982717e-015 2.715982717e-015 
d 0.000000000e+000 0.000000000e+000 4.010315035e-016 0.000000000e+000 0.000000000e+000 2.677393874e-017 1.000000000e+000 1.000000000e+000 0.000000000e+000 0.000000000e+000 0.000000000e+000 -2.446960223e-021 2.733515406e-015 2.733515406e-015 
d 0.000000000e+000 0.000000000e+000 1.470249741e-016 0.000000000e+000 0.000000000e+000 4.011195762e-017 1.100000000e+000 1.100000000e+000 0.000000000e+000 0.000000000e+000 0.000000000e+000 4.946959159e-021 2.747045863e-015 2.747045863e-015 
d 0.000000000e+000 0.000000000e+000 1.871336729e-016 0.000000000e+000 0.000000000e+000 2.138554000e-016 1.200000000e+000 1.200000000e+000 0.000000000e+000 0.000000000e+000 0.000000000e+000 -8.464081155e-021 2.757819847e-015 2.757819847e-015 
d 0.000000000e+000 0.000000000e+000 -4.012502113e-017 0.000000000e+000 0.000000000e+000 -5.344998592e-017 1.300000000e+000 1.300000000e+000 0.000000000e+000 0.000000000e+000 0.000000000e+000 1.479465678e-021 2.766608963e-015 2.766608963e-015 
d 0.000000000e+000 0.000000000e+000 1.470576094e-016 0.000000000e+000 0.000000000e+000 1.336771647e-016 1.400000000e+000 1.400000000e+000 0.000000000e+000 0.000000000e+000 0.000000000e+000 5.405891820e-021 2.773917889e-015 2.773917889e-015 
d 0.000000000e+000 0.000000000e+000 -1.470315106e-016 0.000000000e+000 0.000000000e+000 1.203163011e-016 1.500000000e+000 1.500000000e+000 0.000000000e+000 0.000000000e+000 0.000000000e+000 1.479465530e-021 2.780091495e-015 2.780091495e-015 
d 0.000000000e+000 0.000000000e+000 2.005402258e-016 0.000000000e+000 0.000000000e+000 6.684021175e-017 1.600000000e+000 1.600000000e+000 0.000000000e+000 0.000000000e+000 0.000000000e+000 -7.801178325e-021 2.785374053e-015 2.785374053e-015 
d 0.000000000e+000 0.000000000e+000 2.629746437e-017 0.000000000e+000 0.000000000e+000 3.479698815e-016 1.700000000e+000 1.700000000e+000 0.000000000e+000 0.000000000e+000 0.000000000e+000 -6.934305057e-021 2.789943800e-015 2.789943800e-015 
d 0.000000000e+000 0.000000000e+000 -1.359257839e-017 0.000000000e+000 0.000000000e+000 4.035672185e-017 1.800000000e+000 1.800000000e+000 0.000000000e+000 0.000000000e+000 0.000000000e+000 5.201921393e-021 2.793934084e-015 2.793934084e-015 
d 0.000000000e+000 0.000000000e+000 -1.472142679e-016 0.000000000e+000 0.000000000e+000 1.472240490e-016 1.900000000e+000 1.900000000e+000 0.000000000e+000 0.000000000e+000 0.000000000e+000 5.609861733e-021 2.797446807e-015 2.797446807e-015 
d 0.000000000e+000 0.000000000e+000 2.806531907e-016 0.000000000e+000 0.000000000e+000 -1.202510401e-016 2.000000000e+000 2.000000000e+000 0.000000000e+000 0.000000000e+000 0.000000000e+000 -3.925744845e-021 2.800561268e-015 2.800561268e-015 
d 0.000000000e+000 0.000000000e+000 2.272064730e-016 0.000000000e+000 0.000000000e+000 1.339675759e-017 2.100000000e+000 2.100000000e+000 0.000000000e+000 0.000000000e+000 0.000000000e+000 -1.522963067e-022 2.803340159e-015 2.803340159e-015 
d 0.000000000e+000 0.000000000e+000 3.876347412e-016 0.000000000e+000 0.000000000e+000 -2.667604247e-017 2.200000000e+000 2.200000000e+000 0.000000000e+000 0.000000000e+000 0.000000000e+000 -8.260111524e-021 2.805833724e-015 2.805833724e-015 
d 0.000000000e+000 0.000000000e+000 3.341749694e-016 0.000000000e+000 0.000000000e+000 3.876673764e-016 2.300000000e+000 2.300000000e+000 0.000000000e+000 0.000000000e+000 0.000000000e+000 1.530457722e-021 2.808082725e-015 2.808082725e-015 
d 0.000000000e+000 0.000000000e+000 4.544619035e-016 0.000000000e+000 0.000000000e+000 -1.604054282e-016 2.400000000e+000 2.400000000e+000 0.000000000e+000 0.000000000e+000 0.000000000e+000 7.751548587e-021 2.810120580e-015 2.810120580e-015 
d 0.000000000e+000 0.000000000e+000 4.277564941e-016 0.000000000e+000 0.000000000e+000 4.144119481e-016 2.500000000e+000 2.500000000e+000 0.000000000e+000 0.000000000e+000 0.000000000e+000 -4.792618329e-021 2.811974953e-015 2.811974953e-015 
d 0.000000000e+000 0.000000000e+000 2.406097623e-016 0.000000000e+000 0.000000000e+000 4.009237648e-017 2.600000000e+000 2.600000000e+000 0.000000000e+000 0.000000000e+000 0.000000000e+000 -2.803908970e-021 2.813668943e-015 2.813668943e-015 
d 0.000000000e+000 0.000000000e+000 2.671845885e-017 0.000000000e+000 0.000000000e+000 9.358804702e-017 2.700000000e+000 2.700000000e+000 0.000000000e+000 0.000000000e+000 0.000000000e+000 -6.832320312e-021 2.815221981e-015 2.815221981e-015 
d 0.000000000e+000 0.000000000e+000 2.673347529e-016 0.000000000e+000 0.000000000e+000 -1.871467364e-016 2.800000000e+000 2.800000000e+000 0.000000000e+000 0.000000000e+000 0.000000000e+000 -8.260111688e-021 2.816650534e-015 2.816650534e-015 
d 0.000000000e+000 0.000000000e+000 2.673510706e-016 0.000000000e+000 0.000000000e+000 1.604217364e-016 2.900000000e+000 2.900000000e+000 0.000000000e+000 0.000000000e+000 0.000000000e+000 -7.342245840e-021 2.817968643e-015 2.817968643e-015 
d 0.000000000e+000 0.000000000e+000 1.340654816e-017 0.000000000e+000 0.000000000e+000 3.743163034e-016 3.000000000e+000 3.000000000e+000 0.000000000e+000 0.000000000e+000 0.000000000e+000 2.141755139e-020 2.819188353e-015 2.819188353e-015 
